[html.kodesolution.com/2025/digiplus-html/index.html]
[backblue.gif]
[fade.gif]
[index.html]
[html.kodesolution.com/2025/digiplus-html/css/bootstrap.min.css]
[html.kodesolution.com/2025/digiplus-html/css/style.css]
[html.kodesolution.com/2025/digiplus-html/css/style-home-1.css]
[html.kodesolution.com/2025/digiplus-html/images/favicon.png]
[html.kodesolution.com/2025/digiplus-html/index-2.html]
[html.kodesolution.com/2025/digiplus-html/images/logo-4.png]
[html.kodesolution.com/2025/digiplus-html/index-3.html]
[html.kodesolution.com/2025/digiplus-html/page-about.html]
[html.kodesolution.com/2025/digiplus-html/page-team.html]
[html.kodesolution.com/2025/digiplus-html/page-team-details.html]
[html.kodesolution.com/2025/digiplus-html/page-pricing.html]
[html.kodesolution.com/2025/digiplus-html/page-faq.html]
[html.kodesolution.com/2025/digiplus-html/page-testimonial.html]
[html.kodesolution.com/2025/digiplus-html/shop-products.html]
[html.kodesolution.com/2025/digiplus-html/shop-products-sidebar.html]
[html.kodesolution.com/2025/digiplus-html/shop-product-details.html]
[html.kodesolution.com/2025/digiplus-html/shop-cart.html]
[html.kodesolution.com/2025/digiplus-html/shop-checkout.html]
[html.kodesolution.com/2025/digiplus-html/page-404.html]
[html.kodesolution.com/2025/digiplus-html/page-services.html]
[html.kodesolution.com/2025/digiplus-html/page-service-details.html]
[html.kodesolution.com/2025/digiplus-html/page-projects.html]
[html.kodesolution.com/2025/digiplus-html/page-project-details.html]
[html.kodesolution.com/2025/digiplus-html/blog-grid.html]
[html.kodesolution.com/2025/digiplus-html/blog-details.html]
[html.kodesolution.com/2025/digiplus-html/page-contact.html]
[html.kodesolution.com/2025/digiplus-html/images/logo-2.png]
[html.kodesolution.com/2025/digiplus-html/images/logo-5.png]
[html.kodesolution.com/2025/digiplus-html/images/icons/banner-h1-2.png]
[html.kodesolution.com/2025/digiplus-html/images/banner/banner-h1-1.jpg]
[html.kodesolution.com/2025/digiplus-html/images/banner/banner-h1-3.png]
[html.kodesolution.com/2025/digiplus-html/images/banner/banner-h1-4.png]
[html.kodesolution.com/2025/digiplus-html/images/banner/banner-h1-5.png]
[html.kodesolution.com/2025/digiplus-html/images/banner/banner-h1-1.png]
[html.kodesolution.com/2025/digiplus-html/images/banner/banner-h1-2.png]
[html.kodesolution.com/2025/digiplus-html/images/service/service-2-1.jpg]
[html.kodesolution.com/2025/digiplus-html/images/service/service-2-2.jpg]
[html.kodesolution.com/2025/digiplus-html/images/service/service-2-3.jpg]
[html.kodesolution.com/2025/digiplus-html/images/service/service-2-4.jpg]
[html.kodesolution.com/2025/digiplus-html/images/icons/about-h1-1.png]
[html.kodesolution.com/2025/digiplus-html/images/resource/about-h1-1.jpg]
[html.kodesolution.com/2025/digiplus-html/images/resource/about-h1-2.jpg]
[html.kodesolution.com/2025/digiplus-html/images/resource/about-h1-3.jpg]
[html.kodesolution.com/2025/digiplus-html/images/icons/cta-h1-1.png]
[html.kodesolution.com/2025/digiplus-html/images/icons/step-1-2.png]
[html.kodesolution.com/2025/digiplus-html/images/resource/project-h1-1.jpg]
[html.kodesolution.com/2025/digiplus-html/images/resource/project-h1-2.jpg]
[html.kodesolution.com/2025/digiplus-html/images/resource/project-h1-3.jpg]
[html.kodesolution.com/2025/digiplus-html/images/resource/project-h1-4.jpg]
[html.kodesolution.com/2025/digiplus-html/images/resource/project-h1-5.jpg]
[html.kodesolution.com/2025/digiplus-html/images/resource/project-h1-6.jpg]
[html.kodesolution.com/2025/digiplus-html/images/favicon-2.png]
[html.kodesolution.com/2025/digiplus-html/images/resource/whu-h2-2.jpg]
[html.kodesolution.com/2025/digiplus-html/images/resource/whu-h2-3.jpg]
[html.kodesolution.com/2025/digiplus-html/images/resource/team-h1-1.jpg]
[html.kodesolution.com/2025/digiplus-html/images/resource/team-h1-2.jpg]
[html.kodesolution.com/2025/digiplus-html/images/resource/team-h1-3.jpg]
[html.kodesolution.com/2025/digiplus-html/images/icons/claint-h1-1.png]
[html.kodesolution.com/2025/digiplus-html/images/icons/claint-h1-2.png]
[html.kodesolution.com/2025/digiplus-html/images/icons/claint-h1-3.png]
[html.kodesolution.com/2025/digiplus-html/images/icons/claint-h1-4.png]
[html.kodesolution.com/2025/digiplus-html/images/icons/claint-h1-5.png]
[html.kodesolution.com/2025/digiplus-html/images/resource/testi-author-1.png]
[html.kodesolution.com/2025/digiplus-html/images/resource/testi-author-2.jpg]
[html.kodesolution.com/2025/digiplus-html/images/resource/testi-author-3.jpg]
[html.kodesolution.com/2025/digiplus-html/images/resource/testi1-1.png]
[html.kodesolution.com/2025/digiplus-html/images/background/contact-h3-1.jpg]
[html.kodesolution.com/2025/digiplus-html/images/icons/contact-h3-2.png]
[html.kodesolution.com/2025/digiplus-html/images/icons/contact-h3-1.png]
[html.kodesolution.com/2025/digiplus-html/images/resource/blog-h1-1.jpg]
[html.kodesolution.com/2025/digiplus-html/images/resource/blog-h1-2.jpg]
[html.kodesolution.com/2025/digiplus-html/images/resource/blog-h1-3.jpg]
[html.kodesolution.com/2025/digiplus-html/images/icons/footer-h2-2.png]
[html.kodesolution.com/2025/digiplus-html/images/icons/footer-h1-3.png]
[html.kodesolution.com/2025/digiplus-html/images/resource/footer-h1-2.png]
[html.kodesolution.com/2025/digiplus-html/images/icons/footer-h1-1.png]
[html.kodesolution.com/2025/digiplus-html/images/resource/footer-h1-1.png]
[html.kodesolution.com/cdn-cgi/scripts/5c5dd728/cloudflare-static/email-decode.min.js]
[html.kodesolution.com/2025/digiplus-html/js/jquery.js]
[html.kodesolution.com/2025/digiplus-html/js/popper.min.js]
[html.kodesolution.com/2025/digiplus-html/js/bootstrap.min.js]
[html.kodesolution.com/2025/digiplus-html/js/jquery.fancybox.js]
[html.kodesolution.com/2025/digiplus-html/js/jquery-ui.js]
[html.kodesolution.com/2025/digiplus-html/js/wow.js]
[html.kodesolution.com/2025/digiplus-html/js/select2.min.js]
[html.kodesolution.com/2025/digiplus-html/js/appear.js]
[html.kodesolution.com/2025/digiplus-html/js/bxslider.js]
[html.kodesolution.com/2025/digiplus-html/js/knob.js]
[html.kodesolution.com/2025/digiplus-html/js/swiper.min.js]
[html.kodesolution.com/2025/digiplus-html/js/aos.js]
[html.kodesolution.com/2025/digiplus-html/js/gsap.min.js]
[html.kodesolution.com/2025/digiplus-html/js/ScrollTrigger.min.js]
[html.kodesolution.com/2025/digiplus-html/js/splitType.js]
[html.kodesolution.com/2025/digiplus-html/js/gsap-scroll-smoother.js]
[html.kodesolution.com/2025/digiplus-html/js/gsap-scroll-to-plugin.js]
[html.kodesolution.com/2025/digiplus-html/js/SplitText.min.js]
[html.kodesolution.com/2025/digiplus-html/js/custom-gsap.js]
[html.kodesolution.com/2025/digiplus-html/js/script.js]
[html.kodesolution.com/2025/digiplus-html/index.html]
[html.kodesolution.com/2025/digiplus-html/css/bootstrap.min.css]
[html.kodesolution.com/2025/digiplus-html/js/purecounter.js]
[html.kodesolution.com/2025/digiplus-html/css/animate.css]
[html.kodesolution.com/2025/digiplus-html/css/owl.css]
[html.kodesolution.com/2025/digiplus-html/css/swiper.min.css]
[html.kodesolution.com/2025/digiplus-html/css/jquery.fancybox.min.css]
[html.kodesolution.com/2025/digiplus-html/css/jquery-ui.css]
[html.kodesolution.com/2025/digiplus-html/css/select2.min.css]
[html.kodesolution.com/2025/digiplus-html/css/fontawesome-free.css]
[html.kodesolution.com/2025/digiplus-html/css/fontawesome.css]
[html.kodesolution.com/2025/digiplus-html/css/tm-bs-mp.css]
[html.kodesolution.com/2025/digiplus-html/css/flaticon-digiplus.css]
[html.kodesolution.com/2025/digiplus-html/css/tm-utility-classes.css]
[html.kodesolution.com/2025/digiplus-html/images/logo.png]
[html.kodesolution.com/2025/digiplus-html/images/icons/preloader.png]
[html.kodesolution.com/2025/digiplus-html/images/icons/pattern-1.png]
[html.kodesolution.com/2025/digiplus-html/images/icons/pattern-2.png]
[html.kodesolution.com/2025/digiplus-html/images/icons/pattern-3.png]
[html.kodesolution.com/2025/digiplus-html/images/icons/pattern-4.png]
[html.kodesolution.com/2025/digiplus-html/images/icons/pattern-5.png]
[html.kodesolution.com/2025/digiplus-html/images/icons/pattern-6.png]
[html.kodesolution.com/2025/digiplus-html/images/icons/icon-wheel-1.png]
[html.kodesolution.com/2025/digiplus-html/images/icons/icon-wheel-2.png]
[html.kodesolution.com/2025/digiplus-html/images/icons/icon-wheel-3.png]
[html.kodesolution.com/2025/digiplus-html/images/icons/icon-wheel-5.png]
[html.kodesolution.com/2025/digiplus-html/images/icons/icon-wheel-compass-1.png]
[html.kodesolution.com/2025/digiplus-html/images/icons/icon-wheel-compass-2.png]
[html.kodesolution.com/2025/digiplus-html/images/icons/icon-wheel-compass-3.png]
[html.kodesolution.com/2025/digiplus-html/images/icons/icon-anchor-1.png]
[html.kodesolution.com/2025/digiplus-html/images/icons/icon-sailboat-line-1.png]
[html.kodesolution.com/2025/digiplus-html/images/icons/icon-sailboat-line-3.png]
[html.kodesolution.com/2025/digiplus-html/images/icons/icon-sailboat-line-4.png]
[html.kodesolution.com/2025/digiplus-html/images/icons/icon-big-boat-1.png]
[html.kodesolution.com/2025/digiplus-html/images/icons/icon-big-boat-2.png]
[html.kodesolution.com/2025/digiplus-html/images/icons/icon-big-boat-3.png]
[html.kodesolution.com/2025/digiplus-html/images/icons/icon-big-boat-5.png]
[html.kodesolution.com/2025/digiplus-html/images/background/footer1-pattern1.png]
[html.kodesolution.com/2025/digiplus-html/images/background/footer1-pattern2.png]
[html.kodesolution.com/2025/digiplus-html/images/icons/icon-plane-1.png]
[html.kodesolution.com/2025/digiplus-html/images/icons/icon-plane-2.png]
[html.kodesolution.com/2025/digiplus-html/images/icons/icon-plane-3.png]
[html.kodesolution.com/2025/digiplus-html/images/icons/icon-plane-4.png]
[html.kodesolution.com/2025/digiplus-html/images/icons/icon-plane-5.png]
[html.kodesolution.com/2025/digiplus-html/images/icons/icon-plane-6.png]
[html.kodesolution.com/2025/digiplus-html/images/icons/icon-plane-7.png]
[html.kodesolution.com/2025/digiplus-html/images/icons/icon-plane-8.png]
[html.kodesolution.com/2025/digiplus-html/images/icons/icon-plane-9.png]
[html.kodesolution.com/2025/digiplus-html/images/banner/icon-big-arrow.png]
[html.kodesolution.com/2025/digiplus-html/images/icons/icon-arrow.png]
[html.kodesolution.com/2025/digiplus-html/images/icons/icon-arrow-2.png]
[html.kodesolution.com/2025/digiplus-html/images/icons/icon-big-bus.png]
[html.kodesolution.com/2025/digiplus-html/images/icons/icon-bus.png]
[html.kodesolution.com/2025/digiplus-html/images/icons/icon-bus-2.png]
[html.kodesolution.com/2025/digiplus-html/images/icons/icon-bus-3.png]
[html.kodesolution.com/2025/digiplus-html/images/icons/overlay-1.png]
[html.kodesolution.com/2025/digiplus-html/images/icons/overlay-2.png]
[html.kodesolution.com/2025/digiplus-html/images/icons/overlay-3.png]
[html.kodesolution.com/2025/digiplus-html/images/icons/overlay-4.png]
[html.kodesolution.com/2025/digiplus-html/images/icons/overlay-5.png]
[html.kodesolution.com/2025/digiplus-html/images/icons/overlay-6.png]
[html.kodesolution.com/2025/digiplus-html/images/icons/icon-box.png]
[html.kodesolution.com/2025/digiplus-html/images/icons/icon-box-2.png]
[html.kodesolution.com/2025/digiplus-html/images/icons/icon-border-3.png]
[html.kodesolution.com/2025/digiplus-html/images/icons/icon-quote.png]
[html.kodesolution.com/2025/digiplus-html/images/icons/icon-quote-2.png]
[html.kodesolution.com/2025/digiplus-html/images/icons/icon-container.png]
[html.kodesolution.com/2025/digiplus-html/images/icons/icon-dots.png]
[html.kodesolution.com/2025/digiplus-html/images/icons/icon-dots-2.png]
[html.kodesolution.com/2025/digiplus-html/images/icons/icon-dots-3.png]
[html.kodesolution.com/2025/digiplus-html/images/icons/icon-dots-4.png]
[html.kodesolution.com/2025/digiplus-html/images/icons/icon-dots-5.png]
[html.kodesolution.com/2025/digiplus-html/images/icons/icon-dotted-map.png]
[html.kodesolution.com/2025/digiplus-html/images/icons/icon-dotted-map-2.png]
[html.kodesolution.com/2025/digiplus-html/images/icons/icon-city.png]
[html.kodesolution.com/2025/digiplus-html/images/icons/icon-city-2.png]
[html.kodesolution.com/2025/digiplus-html/images/icons/bg-lines.jpg]
[html.kodesolution.com/2025/digiplus-html/images/icons/icon-city-3.png]
[html.kodesolution.com/2025/digiplus-html/images/icons/icon-10.png]
[html.kodesolution.com/2025/digiplus-html/images/icons/icon-11.png]
[html.kodesolution.com/2025/digiplus-html/images/icons/icon-12.png]
[html.kodesolution.com/2025/digiplus-html/images/icons/icon-13.png]
[html.kodesolution.com/2025/digiplus-html/images/icons/icon-20.png]
[html.kodesolution.com/2025/digiplus-html/images/icons/icon-21.png]
[html.kodesolution.com/2025/digiplus-html/images/icons/shape-6.png]
[html.kodesolution.com/2025/digiplus-html/images/icons/shape-7.png]
[html.kodesolution.com/2025/digiplus-html/images/icons/icon-22.png]
[html.kodesolution.com/2025/digiplus-html/images/icons/icon-23.png]
[html.kodesolution.com/2025/digiplus-html/images/icons/icon-24.png]
[html.kodesolution.com/2025/digiplus-html/images/icons/shape-17.png]
[html.kodesolution.com/2025/digiplus-html/images/icons/shape-18.png]
[html.kodesolution.com/2025/digiplus-html/images/icons/icon-quote-3.png]
[html.kodesolution.com/2025/digiplus-html/images/icons/shape-11.png]
[html.kodesolution.com/2025/digiplus-html/images/icons/pattern-13.jpg]
[html.kodesolution.com/2025/digiplus-html/images/icons/shape-8.png]
[html.kodesolution.com/2025/digiplus-html/images/resource/instagram1-6.png]
[html.kodesolution.com/2025/digiplus-html/images/resource/instagram1-7.png]
[html.kodesolution.com/2025/digiplus-html/images/banner/banner-h1-6.png]
[html.kodesolution.com/2025/digiplus-html/images/icons/home2-banner-1.png]
[html.kodesolution.com/2025/digiplus-html/images/icons/project-h2-1.png]
[html.kodesolution.com/2025/digiplus-html/images/icons/mask-style1.png]
[html.kodesolution.com/2025/digiplus-html/images/icons/icon-check-round.png]
[html.kodesolution.com/2025/digiplus-html/images/icons/icon-check-round2.png]
[html.kodesolution.com/2025/digiplus-html/images/resource/about2-7.png]
[html.kodesolution.com/2025/digiplus-html/images/icons/icon-text-2.png]
[html.kodesolution.com/2025/digiplus-html/images/icons/about-h1-2.png]
[html.kodesolution.com/2025/digiplus-html/images/icons/about-h2-1.png]
[html.kodesolution.com/2025/digiplus-html/images/main-slider/slide-shape-bottom.png]
[html.kodesolution.com/2025/digiplus-html/images/main-slider/slide-shape-bottom2.png]
[html.kodesolution.com/2025/digiplus-html/images/background/service-h1-bg-1.jpg]
[html.kodesolution.com/2025/digiplus-html/images/background/service-h1-1.jpg]
[html.kodesolution.com/2025/digiplus-html/images/service/mask.png]
[html.kodesolution.com/2025/digiplus-html/images/service/mask-2.png]
[html.kodesolution.com/2025/digiplus-html/images/background/cta-h3-1.jpg]
[html.kodesolution.com/2025/digiplus-html/images/background/home4-process-bg.jpg]
[html.kodesolution.com/2025/digiplus-html/images/icons/funfact-h2-1.png]
[html.kodesolution.com/2025/digiplus-html/images/background/testimonial-bg-2.jpg]
[html.kodesolution.com/2025/digiplus-html/images/icons/shape-1.png]
[html.kodesolution.com/2025/digiplus-html/images/icons/shape-h3-1.png]
[html.kodesolution.com/2025/digiplus-html/images/background/process-bg.jpg]
[html.kodesolution.com/2025/digiplus-html/images/resource/testimonial-pattrn1-1.png]
[html.kodesolution.com/2025/digiplus-html/images/icons/shape-style44.png]
[html.kodesolution.com/2025/digiplus-html/images/resource/wcu-h2-1.jpg]
[html.kodesolution.com/2025/digiplus-html/images/resource/blog3-mask1.png]
[html.kodesolution.com/2025/digiplus-html/images/icons/footer-h2-1.png]
[html.kodesolution.com/2025/digiplus-html/images/icons/footer-h1-2.png]
[html.kodesolution.com/2025/digiplus-html/images/icons/footer-bg.jpg]
[html.kodesolution.com/2025/digiplus-html/images/icons/fot5.png]
[html.kodesolution.com/2025/digiplus-html/images/icons/cat-1-bg.png]
[html.kodesolution.com/2025/digiplus-html/images/icons/cat-2-bg.png]
[html.kodesolution.com/2025/digiplus-html/images/icons/cat-3-bg.png]
[html.kodesolution.com/2025/digiplus-html/images/icons/cat-4-bg.png]
[html.kodesolution.com/2025/digiplus-html/images/icons/pattern-8.png]
[html.kodesolution.com/2025/digiplus-html/css/style.css]
[html.kodesolution.com/2025/digiplus-html/css/style-home-1.css]
[html.kodesolution.com/2025/digiplus-html/index-2.html]
[html.kodesolution.com/2025/digiplus-html/images/icons/home2-shape2.png]
[html.kodesolution.com/2025/digiplus-html/images/icons/home2-shape3.png]
[html.kodesolution.com/2025/digiplus-html/images/icons/home2-banner-2.png]
[html.kodesolution.com/2025/digiplus-html/images/banner/banner-h2-1.png]
[html.kodesolution.com/2025/digiplus-html/images/banner/banner-h2-1.jpg]
[html.kodesolution.com/2025/digiplus-html/images/banner/banner-h2-2.jpg]
[html.kodesolution.com/2025/digiplus-html/images/banner/banner-h2-3.jpg]
[html.kodesolution.com/2025/digiplus-html/images/icons/about-h2-3.png]
[html.kodesolution.com/2025/digiplus-html/images/resource/about-h2-1.jpg]
[html.kodesolution.com/2025/digiplus-html/images/resource/about-h2-2.jpg]
[html.kodesolution.com/2025/digiplus-html/images/icons/about-h2-2.png]
[html.kodesolution.com/2025/digiplus-html/images/icons/service-h1-1.png]
[html.kodesolution.com/2025/digiplus-html/images/icons/service-h1-2.png]
[html.kodesolution.com/2025/digiplus-html/images/icons/service-h1-3.png]
[html.kodesolution.com/2025/digiplus-html/images/resource/service-h1-1.jpg]
[html.kodesolution.com/2025/digiplus-html/images/resource/service-h1-2.jpg]
[html.kodesolution.com/2025/digiplus-html/images/resource/service-h1-3.jpg]
[html.kodesolution.com/2025/digiplus-html/images/resource/funfact-h2-1.jpg]
[html.kodesolution.com/2025/digiplus-html/images/icons/funfact-h2-2.png]
[html.kodesolution.com/2025/digiplus-html/images/resource/project-h2-1.jpg]
[html.kodesolution.com/2025/digiplus-html/images/resource/project-h2-2.jpg]
[html.kodesolution.com/2025/digiplus-html/images/resource/project-h2-3.jpg]
[html.kodesolution.com/2025/digiplus-html/images/background/whu-h3-1.jpg]
[html.kodesolution.com/2025/digiplus-html/images/resource/wcu-h3-1.jpg]
[html.kodesolution.com/2025/digiplus-html/images/resource/faq1-1.png]
[html.kodesolution.com/2025/digiplus-html/images/icons/testimonial-1-1.png]
[html.kodesolution.com/2025/digiplus-html/images/resource/thumb-1-1.jpg]
[html.kodesolution.com/2025/digiplus-html/images/resource/thumb-1-2.jpg]
[html.kodesolution.com/2025/digiplus-html/images/resource/testi-h2-1.jpg]
[html.kodesolution.com/2025/digiplus-html/images/resource/testi-h2-2.jpg]
[html.kodesolution.com/2025/digiplus-html/images/resource/contact1-1.jpg]
[html.kodesolution.com/2025/digiplus-html/images/resource/news-h2-1.jpg]
[html.kodesolution.com/2025/digiplus-html/images/resource/news-h2-2.jpg]
[html.kodesolution.com/2025/digiplus-html/images/resource/news-h2-3.jpg]
[html.kodesolution.com/2025/digiplus-html/images/background/cta-h2-1.png]
[html.kodesolution.com/2025/digiplus-html/images/icons/footer-h2-4.png]
[html.kodesolution.com/2025/digiplus-html/images/icons/footer-h2-5.png]
[html.kodesolution.com/2025/digiplus-html/images/icons/footer-h2-6.png]
[html.kodesolution.com/2025/digiplus-html/images/icons/footer-h2-3.png]
[html.kodesolution.com/2025/digiplus-html/index-3.html]
[html.kodesolution.com/2025/digiplus-html/images/background/page-title.jpg]
[html.kodesolution.com/2025/digiplus-html/page-about.html]
[html.kodesolution.com/2025/digiplus-html/page-team.html]
[html.kodesolution.com/2025/digiplus-html/images/resource/team-details.jpg]
[html.kodesolution.com/2025/digiplus-html/js/jquery.validate.min.js]
[html.kodesolution.com/2025/digiplus-html/js/jquery.form.min.js]
[html.kodesolution.com/2025/digiplus-html/page-team-details.html]
[html.kodesolution.com/2025/digiplus-html/js/contact-form.js]
[html.kodesolution.com/2025/digiplus-html/images/icons/theme-icon4.png]
[html.kodesolution.com/2025/digiplus-html/images/icons/theme-icon5.png]
[html.kodesolution.com/2025/digiplus-html/images/icons/theme-icon6.png]
[html.kodesolution.com/2025/digiplus-html/page-pricing.html]
[html.kodesolution.com/2025/digiplus-html/page-faq.html]
[html.kodesolution.com/2025/digiplus-html/page-testimonial.html]
[html.kodesolution.com/2025/digiplus-html/images/resource/products/1.jpg]
[html.kodesolution.com/2025/digiplus-html/images/resource/products/2.jpg]
[html.kodesolution.com/2025/digiplus-html/images/resource/products/3.jpg]
[html.kodesolution.com/2025/digiplus-html/images/resource/products/4.jpg]
[html.kodesolution.com/2025/digiplus-html/images/resource/products/5.jpg]
[html.kodesolution.com/2025/digiplus-html/images/resource/products/6.jpg]
[html.kodesolution.com/2025/digiplus-html/images/resource/products/7.jpg]
[html.kodesolution.com/2025/digiplus-html/images/resource/products/8.jpg]
[html.kodesolution.com/2025/digiplus-html/shop-products.html]
[html.kodesolution.com/2025/digiplus-html/js/mixitup.js]
[html.kodesolution.com/2025/digiplus-html/shop-details.html]
[html.kodesolution.com/2025/digiplus-html/images/resource/products/thumb-1.jpg]
[html.kodesolution.com/2025/digiplus-html/images/resource/products/thumb-2.jpg]
[html.kodesolution.com/2025/digiplus-html/images/resource/products/thumb-3.jpg]
[html.kodesolution.com/2025/digiplus-html/shop-products-sidebar.html]
[html.kodesolution.com/2025/digiplus-html/images/resource/products/product-details.jpg]
[html.kodesolution.com/2025/digiplus-html/images/resource/products/product-details2.jpg]
[html.kodesolution.com/2025/digiplus-html/images/resource/products/product-details3.jpg]
[html.kodesolution.com/2025/digiplus-html/images/resource/testi-1.jpg]
[html.kodesolution.com/2025/digiplus-html/images/resource/testi-2.jpg]
[html.kodesolution.com/2025/digiplus-html/shop-product-details.html]
[html.kodesolution.com/2025/digiplus-html/shop-cart.html]
[html.kodesolution.com/2025/digiplus-html/shop-checkout.html]
[html.kodesolution.com/2025/digiplus-html/images/resource/404.jpg]
[html.kodesolution.com/2025/digiplus-html/page-404.html]
[html.kodesolution.com/2025/digiplus-html/news-grid.html]
[html.kodesolution.com/2025/digiplus-html/page-services.html]
[html.kodesolution.com/2025/digiplus-html/images/resource/service-details.jpg]
[html.kodesolution.com/2025/digiplus-html/images/resource/service-d1.jpg]
[html.kodesolution.com/2025/digiplus-html/images/resource/service-d2.jpg]
[html.kodesolution.com/2025/digiplus-html/page-service-details.html]
[html.kodesolution.com/2025/digiplus-html/page-projects.html]
[html.kodesolution.com/2025/digiplus-html/images/resource/project-details.jpg]
[html.kodesolution.com/2025/digiplus-html/page-project-details.html]
[html.kodesolution.com/2025/digiplus-html/blog-grid.html]
[html.kodesolution.com/2025/digiplus-html/images/resource/news-details.jpg]
[html.kodesolution.com/2025/digiplus-html/images/resource/thumb-1.jpg]
[html.kodesolution.com/2025/digiplus-html/images/resource/thumb-2.jpg]
[html.kodesolution.com/2025/digiplus-html/images/resource/blog2-1.jpg]
[html.kodesolution.com/2025/digiplus-html/images/resource/blog2-2.jpg]
[html.kodesolution.com/2025/digiplus-html/images/resource/blog2-3.jpg]
[html.kodesolution.com/2025/digiplus-html/blog-details.html]
[html.kodesolution.com/2025/digiplus-html/page-contact.html]
[html.kodesolution.com/2025/digiplus-html/css/animate.css]
[html.kodesolution.com/2025/digiplus-html/css/owl.video.play.png]
[html.kodesolution.com/2025/digiplus-html/css/owl.css]
[html.kodesolution.com/2025/digiplus-html/css/swiper.min.css]
[html.kodesolution.com/2025/digiplus-html/css/jquery.fancybox.min.css]
[html.kodesolution.com/2025/digiplus-html/css/images/ui-icons_444444_256x240.png]
[html.kodesolution.com/2025/digiplus-html/css/images/ui-icons_555555_256x240.png]
[html.kodesolution.com/2025/digiplus-html/css/images/ui-icons_777620_256x240.png]
[html.kodesolution.com/2025/digiplus-html/css/images/ui-icons_cc0000_256x240.png]
[html.kodesolution.com/2025/digiplus-html/css/jquery-ui.css]
[html.kodesolution.com/2025/digiplus-html/css/select2.min.css]
[html.kodesolution.com/2025/digiplus-html/fonts/webfonts/fa-brands-400.woff2]
[html.kodesolution.com/2025/digiplus-html/fonts/webfonts/fa-regular-400.woff2]
[html.kodesolution.com/2025/digiplus-html/fonts/webfonts/fa-brands-400.ttf]
[html.kodesolution.com/2025/digiplus-html/fonts/webfonts/fa-regular-400.ttf]
[html.kodesolution.com/2025/digiplus-html/fonts/webfonts/fa-solid-900.woff2]
[html.kodesolution.com/2025/digiplus-html/fonts/webfonts/fa-v4compatibility.woff2]
[html.kodesolution.com/2025/digiplus-html/css/fontawesome-free.css]
[html.kodesolution.com/2025/digiplus-html/fonts/webfonts/fa-v4compatibility.ttf]
[html.kodesolution.com/2025/digiplus-html/fonts/webfonts/fa-solid-900.ttf]
[html.kodesolution.com/2025/digiplus-html/fonts/fa-brands-400.woff2]
[html.kodesolution.com/2025/digiplus-html/fonts/fa-brands-400.woff]
[html.kodesolution.com/2025/digiplus-html/fonts/fa-duotone-900.woff2]
[html.kodesolution.com/2025/digiplus-html/fonts/fa-brands-400.ttf]
[html.kodesolution.com/2025/digiplus-html/fonts/fa-duotone-900.woff]
[html.kodesolution.com/2025/digiplus-html/fonts/fa-light-300.woff2]
[html.kodesolution.com/2025/digiplus-html/fonts/fa-duotone-900.ttf]
[html.kodesolution.com/2025/digiplus-html/fonts/fa-light-300.woff]
[html.kodesolution.com/2025/digiplus-html/fonts/fa-regular-400.woff2]
[html.kodesolution.com/2025/digiplus-html/fonts/fa-regular-400.woff]
[html.kodesolution.com/2025/digiplus-html/fonts/fa-light-300.ttf]
[html.kodesolution.com/2025/digiplus-html/fonts/fa-solid-900.woff2]
[html.kodesolution.com/2025/digiplus-html/fonts/fa-solid-900.woff]
[html.kodesolution.com/2025/digiplus-html/fonts/fa-regular-400.ttf]
[html.kodesolution.com/2025/digiplus-html/fonts/fa-thin-100.woff2]
[html.kodesolution.com/2025/digiplus-html/fonts/fa-thin-100.woff]
[html.kodesolution.com/2025/digiplus-html/css/fontawesome.css]
[html.kodesolution.com/2025/digiplus-html/fonts/fa-thin-100.ttf]
[html.kodesolution.com/2025/digiplus-html/fonts/flaticon_digiplus6ebc.woff2]
[html.kodesolution.com/2025/digiplus-html/fonts/flaticon_digiplus6ebc.woff]
[html.kodesolution.com/2025/digiplus-html/fonts/flaticon_digiplus6ebc.eot]
[html.kodesolution.com/2025/digiplus-html/fonts/flaticon_digiplus6ebc.ttf]
[html.kodesolution.com/2025/digiplus-html/css/flaticon-digiplus.css]
[html.kodesolution.com/2025/digiplus-html/css/tm-bs-mp.css]
[html.kodesolution.com/2025/digiplus-html/css/tm-utility-classes.css]
[html.kodesolution.com/2025/digiplus-html/images/icons/pattern-2.html]
[html.kodesolution.com/2025/digiplus-html/images/icons/pattern-3.html]
[html.kodesolution.com/2025/digiplus-html/images/icons/pattern-4.html]
[html.kodesolution.com/2025/digiplus-html/images/icons/pattern-5.html]
[html.kodesolution.com/2025/digiplus-html/images/icons/pattern-6.html]
[html.kodesolution.com/2025/digiplus-html/images/icons/icon-wheel-1.html]
[html.kodesolution.com/2025/digiplus-html/images/icons/icon-wheel-2.html]
[html.kodesolution.com/2025/digiplus-html/images/icons/icon-wheel-3.html]
[html.kodesolution.com/2025/digiplus-html/images/icons/icon-wheel-5.html]
[html.kodesolution.com/2025/digiplus-html/images/icons/icon-wheel-compass-1.html]
[html.kodesolution.com/2025/digiplus-html/images/icons/icon-wheel-compass-2.html]
[html.kodesolution.com/2025/digiplus-html/images/icons/icon-wheel-compass-3.html]
[html.kodesolution.com/2025/digiplus-html/images/icons/icon-anchor-1.html]
[html.kodesolution.com/2025/digiplus-html/images/icons/icon-sailboat-line-1.html]
[html.kodesolution.com/2025/digiplus-html/images/icons/icon-sailboat-line-3.html]
[html.kodesolution.com/2025/digiplus-html/images/icons/icon-sailboat-line-4.html]
[html.kodesolution.com/2025/digiplus-html/images/icons/icon-big-boat-1.html]
[html.kodesolution.com/2025/digiplus-html/images/icons/icon-big-boat-2.html]
[html.kodesolution.com/2025/digiplus-html/images/icons/icon-big-boat-3.html]
[html.kodesolution.com/2025/digiplus-html/images/icons/icon-big-boat-5.html]
[html.kodesolution.com/2025/digiplus-html/images/background/footer1-pattern1.html]
[html.kodesolution.com/2025/digiplus-html/images/background/footer1-pattern2.html]
[html.kodesolution.com/2025/digiplus-html/images/icons/icon-plane-1.html]
[html.kodesolution.com/2025/digiplus-html/images/icons/icon-plane-2.html]
[html.kodesolution.com/2025/digiplus-html/images/icons/icon-plane-3.html]
[html.kodesolution.com/2025/digiplus-html/images/icons/icon-plane-4.html]
[html.kodesolution.com/2025/digiplus-html/images/icons/icon-plane-5.html]
[html.kodesolution.com/2025/digiplus-html/images/icons/icon-plane-6.html]
[html.kodesolution.com/2025/digiplus-html/images/icons/icon-plane-7.html]
[html.kodesolution.com/2025/digiplus-html/images/icons/icon-plane-8.html]
[html.kodesolution.com/2025/digiplus-html/images/icons/icon-plane-9.html]
[html.kodesolution.com/2025/digiplus-html/images/banner/icon-big-arrow.html]
[html.kodesolution.com/2025/digiplus-html/images/icons/icon-arrow-2.html]
[html.kodesolution.com/2025/digiplus-html/images/icons/icon-big-bus.html]
[html.kodesolution.com/2025/digiplus-html/images/icons/icon-bus.html]
[html.kodesolution.com/2025/digiplus-html/images/icons/icon-bus-2.html]
[html.kodesolution.com/2025/digiplus-html/images/icons/icon-bus-3.html]
[html.kodesolution.com/2025/digiplus-html/images/icons/overlay-1.html]
[html.kodesolution.com/2025/digiplus-html/images/icons/overlay-2.html]
[html.kodesolution.com/2025/digiplus-html/images/icons/overlay-3.html]
[html.kodesolution.com/2025/digiplus-html/images/icons/overlay-4.html]
[html.kodesolution.com/2025/digiplus-html/images/icons/overlay-5.html]
[html.kodesolution.com/2025/digiplus-html/images/icons/overlay-6.html]
[html.kodesolution.com/2025/digiplus-html/images/icons/icon-box.html]
[html.kodesolution.com/2025/digiplus-html/images/icons/icon-box-2.html]
[html.kodesolution.com/2025/digiplus-html/images/icons/icon-border-3.html]
[html.kodesolution.com/2025/digiplus-html/images/icons/icon-quote.html]
[html.kodesolution.com/2025/digiplus-html/images/icons/icon-quote-2.html]
[html.kodesolution.com/2025/digiplus-html/images/icons/icon-container.html]
[html.kodesolution.com/2025/digiplus-html/images/icons/icon-dots.html]
[html.kodesolution.com/2025/digiplus-html/images/icons/icon-dots-2.html]
[html.kodesolution.com/2025/digiplus-html/images/icons/icon-dots-3.html]
[html.kodesolution.com/2025/digiplus-html/images/icons/icon-dots-4.html]
[html.kodesolution.com/2025/digiplus-html/images/icons/icon-dots-5.html]
[html.kodesolution.com/2025/digiplus-html/images/icons/icon-dotted-map.html]
[html.kodesolution.com/2025/digiplus-html/images/icons/icon-dotted-map-2.html]
[html.kodesolution.com/2025/digiplus-html/images/icons/icon-city.html]
[html.kodesolution.com/2025/digiplus-html/images/icons/icon-city-2.html]
[html.kodesolution.com/2025/digiplus-html/images/icons/bg-lines.html]
[html.kodesolution.com/2025/digiplus-html/images/icons/icon-city-3.html]
[html.kodesolution.com/2025/digiplus-html/images/icons/icon-12.html]
[html.kodesolution.com/2025/digiplus-html/images/icons/icon-13.html]
[html.kodesolution.com/2025/digiplus-html/images/icons/shape-6.html]
[html.kodesolution.com/2025/digiplus-html/images/resource/instagram1-6.html]
[html.kodesolution.com/2025/digiplus-html/images/resource/instagram1-7.html]
[html.kodesolution.com/2025/digiplus-html/images/resource/about2-7.html]
[html.kodesolution.com/2025/digiplus-html/images/icons/icon-text-2.html]
[html.kodesolution.com/2025/digiplus-html/images/main-slider/slide-shape-bottom.html]
[html.kodesolution.com/2025/digiplus-html/images/main-slider/slide-shape-bottom2.html]
[html.kodesolution.com/2025/digiplus-html/images/background/home4-process-bg.html]
[html.kodesolution.com/2025/digiplus-html/images/icons/shape-1.html]
[html.kodesolution.com/2025/digiplus-html/images/resource/testimonial-pattrn1-1.html]
[html.kodesolution.com/2025/digiplus-html/images/icons/shape-style44.html]
[html.kodesolution.com/2025/digiplus-html/images/resource/blog3-mask1.html]
[html.kodesolution.com/2025/digiplus-html/images/icons/footer-bg.html]
[html.kodesolution.com/2025/digiplus-html/images/icons/fot5.html]
[html.kodesolution.com/2025/digiplus-html/images/icons/cat-1-bg.html]
[html.kodesolution.com/2025/digiplus-html/images/icons/cat-2-bg.html]
[html.kodesolution.com/2025/digiplus-html/images/icons/cat-3-bg.html]
[html.kodesolution.com/2025/digiplus-html/images/icons/cat-4-bg.html]
[html.kodesolution.com/2025/digiplus-html/images/icons/pattern-8.html]
[html.kodesolution.com/2025/digiplus-html/shop-details.html]
[html.kodesolution.com/2025/digiplus-html/news-grid.html]
[html.kodesolution.com/2025/digiplus-html/css/owl.video.play.html]
[html.kodesolution.com/2025/digiplus-html/css/images/ui-icons_777620_256x240.html]
[html.kodesolution.com/2025/digiplus-html/css/images/ui-icons_cc0000_256x240.html]
[html.kodesolution.com/2025/digiplus-html/fonts/flaticon_digiplus6ebc.svg]
[html.kodesolution.com/2025/digiplus-html/fonts/fa-solid-900.ttf]
[html.kodesolution.com/2025/digiplus-html/fonts/flaticon_digiplus6ebc.svg]
